12.46.59.572|JSON
Method: GET
URL: http://localhost/users/api/home/deals/7
Controller : users.Controllers.HomeController
Action : GetDeals
Action Parameters : {"messageFormat":"JSON","messageArguments":[{"locationId":7}]}

12.47.07.218|JSON
Method: GET
URL: http://localhost/users/api/signin/forgetpassword/admin
Controller : users.Controllers.SigninController
Action : ForgetPassword
Action Parameters : {"messageFormat":"JSON","messageArguments":[{"username":"admin"}]}

12.48.08.228|JSON
Method: GET
URL: http://localhost/users/api/home/deals/7
Controller : users.Controllers.HomeController
Action : GetDeals
Action Parameters : {"messageFormat":"JSON","messageArguments":[{"locationId":7}]}

12.48.34.487|JSON
Method: GET
URL: http://localhost/users/api/signin/forgetpassword/admin
Controller : users.Controllers.SigninController
Action : ForgetPassword
Action Parameters : {"messageFormat":"JSON","messageArguments":[{"username":"admin"}]}

12.51.34.818|JSON
Method: GET
URL: http://localhost/users/api/home/deals/7
Controller : users.Controllers.HomeController
Action : GetDeals
Action Parameters : {"messageFormat":"JSON","messageArguments":[{"locationId":7}]}

12.52.31.146|JSON
Method: POST
URL: http://localhost/users/api/signin/login/1231151237
Controller : users.Controllers.SigninController
Action : login
Action Parameters : {"messageFormat":"JSON","messageArguments":[{"log":{"userName":"admin","password":"test"},"guest_id":1231151237}]}

12.52.31.257|JSON
Method: GET
URL: http://localhost/users/api/home/deals/7
Controller : users.Controllers.HomeController
Action : GetDeals
Action Parameters : {"messageFormat":"JSON","messageArguments":[{"locationId":7}]}

12.52.35.144|JSON
Method: GET
URL: http://localhost/users/api/cart/1/false
Controller : users.Controllers.CartController
Action : getitems
Action Parameters : {"messageFormat":"JSON","messageArguments":[{"userId":1,"isGuest":false}]}

12.52.36.962|JSON
Method: GET
URL: http://localhost/users/api/track/orders/1?currentPage=0&limit=5
Controller : users.Controllers.TrackController
Action : orders
Action Parameters : {"messageFormat":"JSON","messageArguments":[{"userId":1,"currentPage":0,"limit":5}]}

12.52.39.223|JSON
Method: GET
URL: http://localhost/users/api/track/orders/1?currentPage=5&limit=5
Controller : users.Controllers.TrackController
Action : orders
Action Parameters : {"messageFormat":"JSON","messageArguments":[{"userId":1,"currentPage":5,"limit":5}]}

12.52.39.472|JSON
Method: GET
URL: http://localhost/users/api/track/orders/1?currentPage=10&limit=5
Controller : users.Controllers.TrackController
Action : orders
Action Parameters : {"messageFormat":"JSON","messageArguments":[{"userId":1,"currentPage":10,"limit":5}]}

12.52.39.642|JSON
Method: GET
URL: http://localhost/users/api/track/orders/1?currentPage=15&limit=5
Controller : users.Controllers.TrackController
Action : orders
Action Parameters : {"messageFormat":"JSON","messageArguments":[{"userId":1,"currentPage":15,"limit":5}]}

12.52.39.827|JSON
Method: GET
URL: http://localhost/users/api/track/orders/1?currentPage=20&limit=5
Controller : users.Controllers.TrackController
Action : orders
Action Parameters : {"messageFormat":"JSON","messageArguments":[{"userId":1,"currentPage":20,"limit":5}]}

12.52.58.354|JSON
Method: GET
URL: http://localhost/users/api/cart/1/false
Controller : users.Controllers.CartController
Action : getitems
Action Parameters : {"messageFormat":"JSON","messageArguments":[{"userId":1,"isGuest":false}]}

12.53.53.331|JSON
Method: GET
URL: http://localhost/users/api/home/deals/7
Controller : users.Controllers.HomeController
Action : GetDeals
Action Parameters : {"messageFormat":"JSON","messageArguments":[{"locationId":7}]}

12.53.53.331|JSON
Method: GET
URL: http://localhost/users/api/home/guestid
Controller : users.Controllers.HomeController
Action : guestid
Action Parameters : {"messageFormat":"JSON","messageArguments":[{}]}

13.54.16.358|JSON
Method: GET
URL: http://localhost/users/api/home/deals/7
Controller : users.Controllers.HomeController
Action : GetDeals
Action Parameters : {"messageFormat":"JSON","messageArguments":[{"locationId":7}]}

13.54.28.066|JSON
Method: POST
URL: http://localhost/users/api/signin/login/1231151253
Controller : users.Controllers.SigninController
Action : login
Action Parameters : {"messageFormat":"JSON","messageArguments":[{"log":{"userName":"admin","password":"test"},"guest_id":1231151253}]}

13.54.28.189|JSON
Method: GET
URL: http://localhost/users/api/home/deals/7
Controller : users.Controllers.HomeController
Action : GetDeals
Action Parameters : {"messageFormat":"JSON","messageArguments":[{"locationId":7}]}

15.01.42.362|JSON
Method: GET
URL: http://localhost/users/api/home/guestid
Controller : users.Controllers.HomeController
Action : guestid
Action Parameters : {"messageFormat":"JSON","messageArguments":[{}]}

15.01.42.362|JSON
Method: GET
URL: http://localhost/users/api/home/deals/7
Controller : users.Controllers.HomeController
Action : GetDeals
Action Parameters : {"messageFormat":"JSON","messageArguments":[{"locationId":7}]}

16.09.27.278|JSON
Method: POST
URL: http://localhost/users/api/signin/login/1231150301
Controller : users.Controllers.SigninController
Action : login
Action Parameters : {"messageFormat":"JSON","messageArguments":[{"log":{"userName":"admin","password":"test"},"guest_id":1231150301}]}

16.09.28.654|JSON
Method: GET
URL: http://localhost/users/api/home/deals/7
Controller : users.Controllers.HomeController
Action : GetDeals
Action Parameters : {"messageFormat":"JSON","messageArguments":[{"locationId":7}]}

16.09.31.754|JSON
Method: GET
URL: http://localhost/users/api/cart/1/false
Controller : users.Controllers.CartController
Action : getitems
Action Parameters : {"messageFormat":"JSON","messageArguments":[{"userId":1,"isGuest":false}]}

16.09.33.353|JSON
Method: GET
URL: http://localhost/users/api/track/orders/1?currentPage=0&limit=5
Controller : users.Controllers.TrackController
Action : orders
Action Parameters : {"messageFormat":"JSON","messageArguments":[{"userId":1,"currentPage":0,"limit":5}]}

16.09.34.553|JSON
Method: GET
URL: http://localhost/users/api/cart/1/false
Controller : users.Controllers.CartController
Action : getitems
Action Parameters : {"messageFormat":"JSON","messageArguments":[{"userId":1,"isGuest":false}]}

16.09.35.589|JSON
Method: GET
URL: http://localhost/users/api/track/orders/1?currentPage=0&limit=5
Controller : users.Controllers.TrackController
Action : orders
Action Parameters : {"messageFormat":"JSON","messageArguments":[{"userId":1,"currentPage":0,"limit":5}]}

16.09.36.487|JSON
Method: GET
URL: http://localhost/users/api/address/1
Controller : users.Controllers.AddressController
Action : address
Action Parameters : {"messageFormat":"JSON","messageArguments":[{"userId":1}]}

16.09.37.480|JSON
Method: GET
URL: http://localhost/users/api/track/orders/1?currentPage=0&limit=5
Controller : users.Controllers.TrackController
Action : orders
Action Parameters : {"messageFormat":"JSON","messageArguments":[{"userId":1,"currentPage":0,"limit":5}]}

16.09.38.479|JSON
Method: GET
URL: http://localhost/users/api/cart/1/false
Controller : users.Controllers.CartController
Action : getitems
Action Parameters : {"messageFormat":"JSON","messageArguments":[{"userId":1,"isGuest":false}]}

16.09.39.502|JSON
Method: GET
URL: http://localhost/users/api/home/deals/7
Controller : users.Controllers.HomeController
Action : GetDeals
Action Parameters : {"messageFormat":"JSON","messageArguments":[{"locationId":7}]}

16.09.40.856|JSON
Method: GET
URL: http://localhost/users/api/cart/1/false
Controller : users.Controllers.CartController
Action : getitems
Action Parameters : {"messageFormat":"JSON","messageArguments":[{"userId":1,"isGuest":false}]}

16.09.42.367|JSON
Method: GET
URL: http://localhost/users/api/track/orders/1?currentPage=0&limit=5
Controller : users.Controllers.TrackController
Action : orders
Action Parameters : {"messageFormat":"JSON","messageArguments":[{"userId":1,"currentPage":0,"limit":5}]}

16.09.43.608|JSON
Method: GET
URL: http://localhost/users/api/address/1
Controller : users.Controllers.AddressController
Action : address
Action Parameters : {"messageFormat":"JSON","messageArguments":[{"userId":1}]}

16.09.46.462|JSON
Method: GET
URL: http://localhost/users/api/home/deals/7
Controller : users.Controllers.HomeController
Action : GetDeals
Action Parameters : {"messageFormat":"JSON","messageArguments":[{"locationId":7}]}

16.09.48.163|JSON
Method: GET
URL: http://localhost/users/api/dealinfo/3/1/false
Controller : users.Controllers.DealInfoController
Action : Info
Action Parameters : {"messageFormat":"JSON","messageArguments":[{"id":3,"userId":1,"isGuest":false}]}

16.09.48.163|JSON
Method: GET
URL: http://localhost/users/api/history/1/3
Controller : users.Controllers.HistoryController
Action : history
Action Parameters : {"messageFormat":"JSON","messageArguments":[{"userId":1,"dealId":3}]}

16.09.48.174|JSON
Method: GET
URL: http://localhost/users/api/review/3?skip=0&limit=5
Controller : users.Controllers.ReviewController
Action : reivews
Action Parameters : {"messageFormat":"JSON","messageArguments":[{"dealId":3,"skip":0,"limit":5}]}

16.09.50.593|JSON
Method: GET
URL: http://localhost/users/api/home/deals/7
Controller : users.Controllers.HomeController
Action : GetDeals
Action Parameters : {"messageFormat":"JSON","messageArguments":[{"locationId":7}]}

16.09.51.458|JSON
Method: GET
URL: http://localhost/users/api/dealinfo/2/1/false
Controller : users.Controllers.DealInfoController
Action : Info
Action Parameters : {"messageFormat":"JSON","messageArguments":[{"id":2,"userId":1,"isGuest":false}]}

16.09.51.458|JSON
Method: GET
URL: http://localhost/users/api/history/1/2
Controller : users.Controllers.HistoryController
Action : history
Action Parameters : {"messageFormat":"JSON","messageArguments":[{"userId":1,"dealId":2}]}

16.09.51.472|JSON
Method: GET
URL: http://localhost/users/api/review/2?skip=0&limit=5
Controller : users.Controllers.ReviewController
Action : reivews
Action Parameters : {"messageFormat":"JSON","messageArguments":[{"dealId":2,"skip":0,"limit":5}]}

16.09.54.005|JSON
Method: GET
URL: http://localhost/users/api/review/2?skip=5&limit=5
Controller : users.Controllers.ReviewController
Action : reivews
Action Parameters : {"messageFormat":"JSON","messageArguments":[{"dealId":2,"skip":5,"limit":5}]}

16.09.55.768|JSON
Method: GET
URL: http://localhost/users/api/review/2?skip=0&limit=5
Controller : users.Controllers.ReviewController
Action : reivews
Action Parameters : {"messageFormat":"JSON","messageArguments":[{"dealId":2,"skip":0,"limit":5}]}

16.09.57.540|JSON
Method: GET
URL: http://localhost/users/api/review/2?skip=5&limit=5
Controller : users.Controllers.ReviewController
Action : reivews
Action Parameters : {"messageFormat":"JSON","messageArguments":[{"dealId":2,"skip":5,"limit":5}]}

16.09.58.544|JSON
Method: GET
URL: http://localhost/users/api/review/2?skip=0&limit=5
Controller : users.Controllers.ReviewController
Action : reivews
Action Parameters : {"messageFormat":"JSON","messageArguments":[{"dealId":2,"skip":0,"limit":5}]}

16.09.59.572|JSON
Method: GET
URL: http://localhost/users/api/review/2?skip=5&limit=5
Controller : users.Controllers.ReviewController
Action : reivews
Action Parameters : {"messageFormat":"JSON","messageArguments":[{"dealId":2,"skip":5,"limit":5}]}

16.10.00.964|JSON
Method: GET
URL: http://localhost/users/api/review/2?skip=0&limit=5
Controller : users.Controllers.ReviewController
Action : reivews
Action Parameters : {"messageFormat":"JSON","messageArguments":[{"dealId":2,"skip":0,"limit":5}]}

16.10.01.996|JSON
Method: GET
URL: http://localhost/users/api/review/2?skip=5&limit=5
Controller : users.Controllers.ReviewController
Action : reivews
Action Parameters : {"messageFormat":"JSON","messageArguments":[{"dealId":2,"skip":5,"limit":5}]}

16.10.02.910|JSON
Method: GET
URL: http://localhost/users/api/review/2?skip=0&limit=5
Controller : users.Controllers.ReviewController
Action : reivews
Action Parameters : {"messageFormat":"JSON","messageArguments":[{"dealId":2,"skip":0,"limit":5}]}

16.10.03.979|JSON
Method: GET
URL: http://localhost/users/api/review/2?skip=5&limit=5
Controller : users.Controllers.ReviewController
Action : reivews
Action Parameters : {"messageFormat":"JSON","messageArguments":[{"dealId":2,"skip":5,"limit":5}]}

16.10.05.455|JSON
Method: GET
URL: http://localhost/users/api/home/deals/7
Controller : users.Controllers.HomeController
Action : GetDeals
Action Parameters : {"messageFormat":"JSON","messageArguments":[{"locationId":7}]}

16.10.08.500|JSON
Method: GET
URL: http://localhost/users/api/history/1/8
Controller : users.Controllers.HistoryController
Action : history
Action Parameters : {"messageFormat":"JSON","messageArguments":[{"userId":1,"dealId":8}]}

16.10.08.500|JSON
Method: GET
URL: http://localhost/users/api/dealinfo/8/1/false
Controller : users.Controllers.DealInfoController
Action : Info
Action Parameters : {"messageFormat":"JSON","messageArguments":[{"id":8,"userId":1,"isGuest":false}]}

16.10.08.500|JSON
Method: GET
URL: http://localhost/users/api/review/8?skip=0&limit=5
Controller : users.Controllers.ReviewController
Action : reivews
Action Parameters : {"messageFormat":"JSON","messageArguments":[{"dealId":8,"skip":0,"limit":5}]}

16.10.11.764|JSON
Method: GET
URL: http://localhost/users/api/home/deals/7
Controller : users.Controllers.HomeController
Action : GetDeals
Action Parameters : {"messageFormat":"JSON","messageArguments":[{"locationId":7}]}

16.38.58.421|JSON
Method: GET
URL: http://localhost/users/api/home/deals/7
Controller : users.Controllers.HomeController
Action : GetDeals
Action Parameters : {"messageFormat":"JSON","messageArguments":[{"locationId":7}]}

16.38.58.422|JSON
Method: GET
URL: http://localhost/users/api/home/guestid
Controller : users.Controllers.HomeController
Action : guestid
Action Parameters : {"messageFormat":"JSON","messageArguments":[{}]}

17.01.24.865|JSON
Method: GET
URL: http://localhost/users/api/review/7?skip=0&limit=5
Controller : users.Controllers.ReviewController
Action : reivews
Action Parameters : {"messageFormat":"JSON","messageArguments":[{"dealId":7,"skip":0,"limit":5}]}

17.01.24.865|JSON
Method: GET
URL: http://localhost/users/api/dealinfo/7/1231150438/true
Controller : users.Controllers.DealInfoController
Action : Info
Action Parameters : {"messageFormat":"JSON","messageArguments":[{"id":7,"userId":1231150438,"isGuest":true}]}

17.01.35.715|JSON
Method: POST
URL: http://localhost/users/api/signin/login/1231150438
Controller : users.Controllers.SigninController
Action : login
Action Parameters : {"messageFormat":"JSON","messageArguments":[{"log":{"userName":"admin","password":"test"},"guest_id":1231150438}]}

17.01.35.827|JSON
Method: GET
URL: http://localhost/users/api/home/deals/7
Controller : users.Controllers.HomeController
Action : GetDeals
Action Parameters : {"messageFormat":"JSON","messageArguments":[{"locationId":7}]}

17.01.39.226|JSON
Method: GET
URL: http://localhost/users/api/dealinfo/2/1/false
Controller : users.Controllers.DealInfoController
Action : Info
Action Parameters : {"messageFormat":"JSON","messageArguments":[{"id":2,"userId":1,"isGuest":false}]}

17.01.39.226|JSON
Method: GET
URL: http://localhost/users/api/history/1/2
Controller : users.Controllers.HistoryController
Action : history
Action Parameters : {"messageFormat":"JSON","messageArguments":[{"userId":1,"dealId":2}]}

17.01.39.267|JSON
Method: GET
URL: http://localhost/users/api/review/2?skip=0&limit=5
Controller : users.Controllers.ReviewController
Action : reivews
Action Parameters : {"messageFormat":"JSON","messageArguments":[{"dealId":2,"skip":0,"limit":5}]}

17.01.40.810|JSON
Method: GET
URL: http://localhost/users/api/home/deals/7
Controller : users.Controllers.HomeController
Action : GetDeals
Action Parameters : {"messageFormat":"JSON","messageArguments":[{"locationId":7}]}

17.01.42.463|JSON
Method: GET
URL: http://localhost/users/api/cart/1/false
Controller : users.Controllers.CartController
Action : getitems
Action Parameters : {"messageFormat":"JSON","messageArguments":[{"userId":1,"isGuest":false}]}

17.01.43.579|JSON
Method: GET
URL: http://localhost/users/api/track/orders/1?currentPage=0&limit=5
Controller : users.Controllers.TrackController
Action : orders
Action Parameters : {"messageFormat":"JSON","messageArguments":[{"userId":1,"currentPage":0,"limit":5}]}

17.01.44.639|JSON
Method: GET
URL: http://localhost/users/api/address/1
Controller : users.Controllers.AddressController
Action : address
Action Parameters : {"messageFormat":"JSON","messageArguments":[{"userId":1}]}

17.01.45.480|JSON
Method: GET
URL: http://localhost/users/api/track/orders/1?currentPage=0&limit=5
Controller : users.Controllers.TrackController
Action : orders
Action Parameters : {"messageFormat":"JSON","messageArguments":[{"userId":1,"currentPage":0,"limit":5}]}

17.01.46.935|JSON
Method: GET
URL: http://localhost/users/api/track/orders/1?currentPage=5&limit=5
Controller : users.Controllers.TrackController
Action : orders
Action Parameters : {"messageFormat":"JSON","messageArguments":[{"userId":1,"currentPage":5,"limit":5}]}

17.01.47.466|JSON
Method: GET
URL: http://localhost/users/api/track/orders/1?currentPage=10&limit=5
Controller : users.Controllers.TrackController
Action : orders
Action Parameters : {"messageFormat":"JSON","messageArguments":[{"userId":1,"currentPage":10,"limit":5}]}

17.01.48.087|JSON
Method: GET
URL: http://localhost/users/api/track/orders/1?currentPage=15&limit=5
Controller : users.Controllers.TrackController
Action : orders
Action Parameters : {"messageFormat":"JSON","messageArguments":[{"userId":1,"currentPage":15,"limit":5}]}

17.01.48.596|JSON
Method: GET
URL: http://localhost/users/api/track/orders/1?currentPage=20&limit=5
Controller : users.Controllers.TrackController
Action : orders
Action Parameters : {"messageFormat":"JSON","messageArguments":[{"userId":1,"currentPage":20,"limit":5}]}

17.01.50.062|JSON
Method: GET
URL: http://localhost/users/api/track/orders/1?currentPage=15&limit=5
Controller : users.Controllers.TrackController
Action : orders
Action Parameters : {"messageFormat":"JSON","messageArguments":[{"userId":1,"currentPage":15,"limit":5}]}

17.01.50.612|JSON
Method: GET
URL: http://localhost/users/api/track/orders/1?currentPage=10&limit=5
Controller : users.Controllers.TrackController
Action : orders
Action Parameters : {"messageFormat":"JSON","messageArguments":[{"userId":1,"currentPage":10,"limit":5}]}

17.01.51.091|JSON
Method: GET
URL: http://localhost/users/api/track/orders/1?currentPage=5&limit=5
Controller : users.Controllers.TrackController
Action : orders
Action Parameters : {"messageFormat":"JSON","messageArguments":[{"userId":1,"currentPage":5,"limit":5}]}

17.01.51.560|JSON
Method: GET
URL: http://localhost/users/api/track/orders/1?currentPage=0&limit=5
Controller : users.Controllers.TrackController
Action : orders
Action Parameters : {"messageFormat":"JSON","messageArguments":[{"userId":1,"currentPage":0,"limit":5}]}

17.01.52.787|JSON
Method: GET
URL: http://localhost/users/api/track/orders/1?currentPage=5&limit=5
Controller : users.Controllers.TrackController
Action : orders
Action Parameters : {"messageFormat":"JSON","messageArguments":[{"userId":1,"currentPage":5,"limit":5}]}

17.01.53.263|JSON
Method: GET
URL: http://localhost/users/api/track/orders/1?currentPage=10&limit=5
Controller : users.Controllers.TrackController
Action : orders
Action Parameters : {"messageFormat":"JSON","messageArguments":[{"userId":1,"currentPage":10,"limit":5}]}

17.01.53.651|JSON
Method: GET
URL: http://localhost/users/api/track/orders/1?currentPage=15&limit=5
Controller : users.Controllers.TrackController
Action : orders
Action Parameters : {"messageFormat":"JSON","messageArguments":[{"userId":1,"currentPage":15,"limit":5}]}

17.01.54.022|JSON
Method: GET
URL: http://localhost/users/api/track/orders/1?currentPage=20&limit=5
Controller : users.Controllers.TrackController
Action : orders
Action Parameters : {"messageFormat":"JSON","messageArguments":[{"userId":1,"currentPage":20,"limit":5}]}

17.01.55.086|JSON
Method: GET
URL: http://localhost/users/api/track/orders/1?currentPage=15&limit=5
Controller : users.Controllers.TrackController
Action : orders
Action Parameters : {"messageFormat":"JSON","messageArguments":[{"userId":1,"currentPage":15,"limit":5}]}

17.01.55.607|JSON
Method: GET
URL: http://localhost/users/api/track/orders/1?currentPage=10&limit=5
Controller : users.Controllers.TrackController
Action : orders
Action Parameters : {"messageFormat":"JSON","messageArguments":[{"userId":1,"currentPage":10,"limit":5}]}

17.01.56.003|JSON
Method: GET
URL: http://localhost/users/api/track/orders/1?currentPage=5&limit=5
Controller : users.Controllers.TrackController
Action : orders
Action Parameters : {"messageFormat":"JSON","messageArguments":[{"userId":1,"currentPage":5,"limit":5}]}

17.01.56.424|JSON
Method: GET
URL: http://localhost/users/api/track/orders/1?currentPage=0&limit=5
Controller : users.Controllers.TrackController
Action : orders
Action Parameters : {"messageFormat":"JSON","messageArguments":[{"userId":1,"currentPage":0,"limit":5}]}

17.01.57.411|JSON
Method: GET
URL: http://localhost/users/api/track/orders/1?currentPage=5&limit=5
Controller : users.Controllers.TrackController
Action : orders
Action Parameters : {"messageFormat":"JSON","messageArguments":[{"userId":1,"currentPage":5,"limit":5}]}

17.01.57.843|JSON
Method: GET
URL: http://localhost/users/api/track/orders/1?currentPage=10&limit=5
Controller : users.Controllers.TrackController
Action : orders
Action Parameters : {"messageFormat":"JSON","messageArguments":[{"userId":1,"currentPage":10,"limit":5}]}

17.01.58.209|JSON
Method: GET
URL: http://localhost/users/api/track/orders/1?currentPage=15&limit=5
Controller : users.Controllers.TrackController
Action : orders
Action Parameters : {"messageFormat":"JSON","messageArguments":[{"userId":1,"currentPage":15,"limit":5}]}

17.01.58.463|JSON
Method: GET
URL: http://localhost/users/api/track/orders/1?currentPage=20&limit=5
Controller : users.Controllers.TrackController
Action : orders
Action Parameters : {"messageFormat":"JSON","messageArguments":[{"userId":1,"currentPage":20,"limit":5}]}

17.01.59.856|JSON
Method: GET
URL: http://localhost/users/api/track/orders/1?currentPage=15&limit=5
Controller : users.Controllers.TrackController
Action : orders
Action Parameters : {"messageFormat":"JSON","messageArguments":[{"userId":1,"currentPage":15,"limit":5}]}

17.02.00.372|JSON
Method: GET
URL: http://localhost/users/api/track/orders/1?currentPage=10&limit=5
Controller : users.Controllers.TrackController
Action : orders
Action Parameters : {"messageFormat":"JSON","messageArguments":[{"userId":1,"currentPage":10,"limit":5}]}

17.02.00.901|JSON
Method: GET
URL: http://localhost/users/api/track/orders/1?currentPage=5&limit=5
Controller : users.Controllers.TrackController
Action : orders
Action Parameters : {"messageFormat":"JSON","messageArguments":[{"userId":1,"currentPage":5,"limit":5}]}

17.02.01.272|JSON
Method: GET
URL: http://localhost/users/api/track/orders/1?currentPage=0&limit=5
Controller : users.Controllers.TrackController
Action : orders
Action Parameters : {"messageFormat":"JSON","messageArguments":[{"userId":1,"currentPage":0,"limit":5}]}

17.02.03.035|JSON
Method: GET
URL: http://localhost/users/api/track/orders/1?currentPage=5&limit=5
Controller : users.Controllers.TrackController
Action : orders
Action Parameters : {"messageFormat":"JSON","messageArguments":[{"userId":1,"currentPage":5,"limit":5}]}

17.02.03.600|JSON
Method: GET
URL: http://localhost/users/api/track/orders/1?currentPage=10&limit=5
Controller : users.Controllers.TrackController
Action : orders
Action Parameters : {"messageFormat":"JSON","messageArguments":[{"userId":1,"currentPage":10,"limit":5}]}

17.02.04.038|JSON
Method: GET
URL: http://localhost/users/api/track/orders/1?currentPage=15&limit=5
Controller : users.Controllers.TrackController
Action : orders
Action Parameters : {"messageFormat":"JSON","messageArguments":[{"userId":1,"currentPage":15,"limit":5}]}

17.02.04.332|JSON
Method: GET
URL: http://localhost/users/api/track/orders/1?currentPage=20&limit=5
Controller : users.Controllers.TrackController
Action : orders
Action Parameters : {"messageFormat":"JSON","messageArguments":[{"userId":1,"currentPage":20,"limit":5}]}

17.02.05.375|JSON
Method: GET
URL: http://localhost/users/api/track/orders/1?currentPage=15&limit=5
Controller : users.Controllers.TrackController
Action : orders
Action Parameters : {"messageFormat":"JSON","messageArguments":[{"userId":1,"currentPage":15,"limit":5}]}

17.02.05.856|JSON
Method: GET
URL: http://localhost/users/api/track/orders/1?currentPage=10&limit=5
Controller : users.Controllers.TrackController
Action : orders
Action Parameters : {"messageFormat":"JSON","messageArguments":[{"userId":1,"currentPage":10,"limit":5}]}

17.02.06.344|JSON
Method: GET
URL: http://localhost/users/api/track/orders/1?currentPage=5&limit=5
Controller : users.Controllers.TrackController
Action : orders
Action Parameters : {"messageFormat":"JSON","messageArguments":[{"userId":1,"currentPage":5,"limit":5}]}

17.02.06.825|JSON
Method: GET
URL: http://localhost/users/api/track/orders/1?currentPage=0&limit=5
Controller : users.Controllers.TrackController
Action : orders
Action Parameters : {"messageFormat":"JSON","messageArguments":[{"userId":1,"currentPage":0,"limit":5}]}

17.02.08.124|JSON
Method: GET
URL: http://localhost/users/api/track/orders/1?currentPage=5&limit=5
Controller : users.Controllers.TrackController
Action : orders
Action Parameters : {"messageFormat":"JSON","messageArguments":[{"userId":1,"currentPage":5,"limit":5}]}

17.02.08.527|JSON
Method: GET
URL: http://localhost/users/api/track/orders/1?currentPage=10&limit=5
Controller : users.Controllers.TrackController
Action : orders
Action Parameters : {"messageFormat":"JSON","messageArguments":[{"userId":1,"currentPage":10,"limit":5}]}

17.02.08.802|JSON
Method: GET
URL: http://localhost/users/api/track/orders/1?currentPage=15&limit=5
Controller : users.Controllers.TrackController
Action : orders
Action Parameters : {"messageFormat":"JSON","messageArguments":[{"userId":1,"currentPage":15,"limit":5}]}

17.02.08.974|JSON
Method: GET
URL: http://localhost/users/api/track/orders/1?currentPage=20&limit=5
Controller : users.Controllers.TrackController
Action : orders
Action Parameters : {"messageFormat":"JSON","messageArguments":[{"userId":1,"currentPage":20,"limit":5}]}

17.02.09.972|JSON
Method: GET
URL: http://localhost/users/api/track/orders/1?currentPage=15&limit=5
Controller : users.Controllers.TrackController
Action : orders
Action Parameters : {"messageFormat":"JSON","messageArguments":[{"userId":1,"currentPage":15,"limit":5}]}

17.02.10.455|JSON
Method: GET
URL: http://localhost/users/api/track/orders/1?currentPage=10&limit=5
Controller : users.Controllers.TrackController
Action : orders
Action Parameters : {"messageFormat":"JSON","messageArguments":[{"userId":1,"currentPage":10,"limit":5}]}

17.02.10.881|JSON
Method: GET
URL: http://localhost/users/api/track/orders/1?currentPage=5&limit=5
Controller : users.Controllers.TrackController
Action : orders
Action Parameters : {"messageFormat":"JSON","messageArguments":[{"userId":1,"currentPage":5,"limit":5}]}

17.02.11.216|JSON
Method: GET
URL: http://localhost/users/api/track/orders/1?currentPage=0&limit=5
Controller : users.Controllers.TrackController
Action : orders
Action Parameters : {"messageFormat":"JSON","messageArguments":[{"userId":1,"currentPage":0,"limit":5}]}

17.02.12.138|JSON
Method: GET
URL: http://localhost/users/api/track/orders/1?currentPage=5&limit=5
Controller : users.Controllers.TrackController
Action : orders
Action Parameters : {"messageFormat":"JSON","messageArguments":[{"userId":1,"currentPage":5,"limit":5}]}

17.02.12.452|JSON
Method: GET
URL: http://localhost/users/api/track/orders/1?currentPage=10&limit=5
Controller : users.Controllers.TrackController
Action : orders
Action Parameters : {"messageFormat":"JSON","messageArguments":[{"userId":1,"currentPage":10,"limit":5}]}

17.02.12.653|JSON
Method: GET
URL: http://localhost/users/api/track/orders/1?currentPage=15&limit=5
Controller : users.Controllers.TrackController
Action : orders
Action Parameters : {"messageFormat":"JSON","messageArguments":[{"userId":1,"currentPage":15,"limit":5}]}

17.02.12.838|JSON
Method: GET
URL: http://localhost/users/api/track/orders/1?currentPage=20&limit=5
Controller : users.Controllers.TrackController
Action : orders
Action Parameters : {"messageFormat":"JSON","messageArguments":[{"userId":1,"currentPage":20,"limit":5}]}

17.02.13.519|JSON
Method: GET
URL: http://localhost/users/api/track/orders/1?currentPage=15&limit=5
Controller : users.Controllers.TrackController
Action : orders
Action Parameters : {"messageFormat":"JSON","messageArguments":[{"userId":1,"currentPage":15,"limit":5}]}

17.02.13.898|JSON
Method: GET
URL: http://localhost/users/api/track/orders/1?currentPage=10&limit=5
Controller : users.Controllers.TrackController
Action : orders
Action Parameters : {"messageFormat":"JSON","messageArguments":[{"userId":1,"currentPage":10,"limit":5}]}

17.02.14.793|JSON
Method: GET
URL: http://localhost/users/api/OrderInfo/1/14
Controller : users.Controllers.OrderInfoController
Action : orderInfo
Action Parameters : {"messageFormat":"JSON","messageArguments":[{"userId":1,"orderId":14}]}

17.02.17.552|JSON
Method: GET
URL: http://localhost/users/api/track/orders/1?currentPage=0&limit=5
Controller : users.Controllers.TrackController
Action : orders
Action Parameters : {"messageFormat":"JSON","messageArguments":[{"userId":1,"currentPage":0,"limit":5}]}

17.02.19.117|JSON
Method: GET
URL: http://localhost/users/api/OrderInfo/1/32
Controller : users.Controllers.OrderInfoController
Action : orderInfo
Action Parameters : {"messageFormat":"JSON","messageArguments":[{"userId":1,"orderId":32}]}

17.02.20.343|JSON
Method: GET
URL: http://localhost/users/api/home/deals/7
Controller : users.Controllers.HomeController
Action : GetDeals
Action Parameters : {"messageFormat":"JSON","messageArguments":[{"locationId":7}]}

17.02.21.696|JSON
Method: GET
URL: http://localhost/users/api/dealinfo/2/1/false
Controller : users.Controllers.DealInfoController
Action : Info
Action Parameters : {"messageFormat":"JSON","messageArguments":[{"id":2,"userId":1,"isGuest":false}]}

17.02.21.696|JSON
Method: GET
URL: http://localhost/users/api/history/1/2
Controller : users.Controllers.HistoryController
Action : history
Action Parameters : {"messageFormat":"JSON","messageArguments":[{"userId":1,"dealId":2}]}

17.02.21.704|JSON
Method: GET
URL: http://localhost/users/api/review/2?skip=0&limit=5
Controller : users.Controllers.ReviewController
Action : reivews
Action Parameters : {"messageFormat":"JSON","messageArguments":[{"dealId":2,"skip":0,"limit":5}]}

17.02.25.671|JSON
Method: GET
URL: http://localhost/users/api/review/2?skip=5&limit=5
Controller : users.Controllers.ReviewController
Action : reivews
Action Parameters : {"messageFormat":"JSON","messageArguments":[{"dealId":2,"skip":5,"limit":5}]}

17.02.27.297|JSON
Method: GET
URL: http://localhost/users/api/review/2?skip=0&limit=5
Controller : users.Controllers.ReviewController
Action : reivews
Action Parameters : {"messageFormat":"JSON","messageArguments":[{"dealId":2,"skip":0,"limit":5}]}

17.02.29.111|JSON
Method: GET
URL: http://localhost/users/api/review/2?skip=5&limit=5
Controller : users.Controllers.ReviewController
Action : reivews
Action Parameters : {"messageFormat":"JSON","messageArguments":[{"dealId":2,"skip":5,"limit":5}]}

17.02.30.433|JSON
Method: GET
URL: http://localhost/users/api/review/2?skip=0&limit=5
Controller : users.Controllers.ReviewController
Action : reivews
Action Parameters : {"messageFormat":"JSON","messageArguments":[{"dealId":2,"skip":0,"limit":5}]}

17.02.32.017|JSON
Method: GET
URL: http://localhost/users/api/review/2?skip=5&limit=5
Controller : users.Controllers.ReviewController
Action : reivews
Action Parameters : {"messageFormat":"JSON","messageArguments":[{"dealId":2,"skip":5,"limit":5}]}

17.02.32.969|JSON
Method: GET
URL: http://localhost/users/api/review/2?skip=0&limit=5
Controller : users.Controllers.ReviewController
Action : reivews
Action Parameters : {"messageFormat":"JSON","messageArguments":[{"dealId":2,"skip":0,"limit":5}]}

17.02.34.167|JSON
Method: GET
URL: http://localhost/users/api/review/2?skip=5&limit=5
Controller : users.Controllers.ReviewController
Action : reivews
Action Parameters : {"messageFormat":"JSON","messageArguments":[{"dealId":2,"skip":5,"limit":5}]}

17.02.35.466|JSON
Method: GET
URL: http://localhost/users/api/review/2?skip=0&limit=5
Controller : users.Controllers.ReviewController
Action : reivews
Action Parameters : {"messageFormat":"JSON","messageArguments":[{"dealId":2,"skip":0,"limit":5}]}

17.02.37.848|JSON
Method: GET
URL: http://localhost/users/api/review/2?skip=5&limit=5
Controller : users.Controllers.ReviewController
Action : reivews
Action Parameters : {"messageFormat":"JSON","messageArguments":[{"dealId":2,"skip":5,"limit":5}]}

17.02.38.913|JSON
Method: GET
URL: http://localhost/users/api/review/2?skip=0&limit=5
Controller : users.Controllers.ReviewController
Action : reivews
Action Parameters : {"messageFormat":"JSON","messageArguments":[{"dealId":2,"skip":0,"limit":5}]}

17.02.40.629|JSON
Method: GET
URL: http://localhost/users/api/review/2?skip=5&limit=5
Controller : users.Controllers.ReviewController
Action : reivews
Action Parameters : {"messageFormat":"JSON","messageArguments":[{"dealId":2,"skip":5,"limit":5}]}

17.02.42.033|JSON
Method: GET
URL: http://localhost/users/api/home/deals/7
Controller : users.Controllers.HomeController
Action : GetDeals
Action Parameters : {"messageFormat":"JSON","messageArguments":[{"locationId":7}]}

17.02.43.205|JSON
Method: GET
URL: http://localhost/users/api/dealinfo/2/1/false
Controller : users.Controllers.DealInfoController
Action : Info
Action Parameters : {"messageFormat":"JSON","messageArguments":[{"id":2,"userId":1,"isGuest":false}]}

17.02.43.205|JSON
Method: GET
URL: http://localhost/users/api/history/1/2
Controller : users.Controllers.HistoryController
Action : history
Action Parameters : {"messageFormat":"JSON","messageArguments":[{"userId":1,"dealId":2}]}

17.02.43.205|JSON
Method: GET
URL: http://localhost/users/api/review/2?skip=0&limit=5
Controller : users.Controllers.ReviewController
Action : reivews
Action Parameters : {"messageFormat":"JSON","messageArguments":[{"dealId":2,"skip":0,"limit":5}]}

17.02.46.266|JSON
Method: GET
URL: http://localhost/users/api/cart/1/false
Controller : users.Controllers.CartController
Action : getitems
Action Parameters : {"messageFormat":"JSON","messageArguments":[{"userId":1,"isGuest":false}]}

17.02.47.785|JSON
Method: GET
URL: http://localhost/users/api/address/1
Controller : users.Controllers.AddressController
Action : address
Action Parameters : {"messageFormat":"JSON","messageArguments":[{"userId":1}]}

17.02.49.270|JSON
Method: GET
URL: http://localhost/users/api/address/states
Controller : users.Controllers.AddressController
Action : states
Action Parameters : {"messageFormat":"JSON","messageArguments":[{}]}

17.02.49.295|JSON
Method: GET
URL: http://localhost/users/api/address/1/7
Controller : users.Controllers.AddressController
Action : GetAddressById
Action Parameters : {"messageFormat":"JSON","messageArguments":[{"userId":1,"id":7}]}

17.02.52.635|JSON
Method: GET
URL: http://localhost/users/api/address/states
Controller : users.Controllers.AddressController
Action : states
Action Parameters : {"messageFormat":"JSON","messageArguments":[{}]}

17.02.52.647|JSON
Method: GET
URL: http://localhost/users/api/address/1/6
Controller : users.Controllers.AddressController
Action : GetAddressById
Action Parameters : {"messageFormat":"JSON","messageArguments":[{"userId":1,"id":6}]}

17.02.56.340|JSON
Method: GET
URL: http://localhost/users/api/track/orders/1?currentPage=0&limit=5
Controller : users.Controllers.TrackController
Action : orders
Action Parameters : {"messageFormat":"JSON","messageArguments":[{"userId":1,"currentPage":0,"limit":5}]}

17.02.57.739|JSON
Method: GET
URL: http://localhost/users/api/track/orders/1?currentPage=5&limit=5
Controller : users.Controllers.TrackController
Action : orders
Action Parameters : {"messageFormat":"JSON","messageArguments":[{"userId":1,"currentPage":5,"limit":5}]}

17.02.58.399|JSON
Method: GET
URL: http://localhost/users/api/track/orders/1?currentPage=10&limit=5
Controller : users.Controllers.TrackController
Action : orders
Action Parameters : {"messageFormat":"JSON","messageArguments":[{"userId":1,"currentPage":10,"limit":5}]}

17.02.58.900|JSON
Method: GET
URL: http://localhost/users/api/track/orders/1?currentPage=15&limit=5
Controller : users.Controllers.TrackController
Action : orders
Action Parameters : {"messageFormat":"JSON","messageArguments":[{"userId":1,"currentPage":15,"limit":5}]}

17.02.59.328|JSON
Method: GET
URL: http://localhost/users/api/track/orders/1?currentPage=20&limit=5
Controller : users.Controllers.TrackController
Action : orders
Action Parameters : {"messageFormat":"JSON","messageArguments":[{"userId":1,"currentPage":20,"limit":5}]}

17.03.00.408|JSON
Method: GET
URL: http://localhost/users/api/track/orders/1?currentPage=15&limit=5
Controller : users.Controllers.TrackController
Action : orders
Action Parameters : {"messageFormat":"JSON","messageArguments":[{"userId":1,"currentPage":15,"limit":5}]}

17.03.00.849|JSON
Method: GET
URL: http://localhost/users/api/track/orders/1?currentPage=10&limit=5
Controller : users.Controllers.TrackController
Action : orders
Action Parameters : {"messageFormat":"JSON","messageArguments":[{"userId":1,"currentPage":10,"limit":5}]}

17.03.01.540|JSON
Method: GET
URL: http://localhost/users/api/track/orders/1?currentPage=5&limit=5
Controller : users.Controllers.TrackController
Action : orders
Action Parameters : {"messageFormat":"JSON","messageArguments":[{"userId":1,"currentPage":5,"limit":5}]}

17.03.03.388|JSON
Method: GET
URL: http://localhost/users/api/track/orders/1?currentPage=0&limit=5
Controller : users.Controllers.TrackController
Action : orders
Action Parameters : {"messageFormat":"JSON","messageArguments":[{"userId":1,"currentPage":0,"limit":5}]}

17.03.05.023|JSON
Method: GET
URL: http://localhost/users/api/track/orders/1?currentPage=5&limit=5
Controller : users.Controllers.TrackController
Action : orders
Action Parameters : {"messageFormat":"JSON","messageArguments":[{"userId":1,"currentPage":5,"limit":5}]}

17.03.05.369|JSON
Method: GET
URL: http://localhost/users/api/track/orders/1?currentPage=10&limit=5
Controller : users.Controllers.TrackController
Action : orders
Action Parameters : {"messageFormat":"JSON","messageArguments":[{"userId":1,"currentPage":10,"limit":5}]}

17.03.05.543|JSON
Method: GET
URL: http://localhost/users/api/track/orders/1?currentPage=15&limit=5
Controller : users.Controllers.TrackController
Action : orders
Action Parameters : {"messageFormat":"JSON","messageArguments":[{"userId":1,"currentPage":15,"limit":5}]}

17.03.05.713|JSON
Method: GET
URL: http://localhost/users/api/track/orders/1?currentPage=20&limit=5
Controller : users.Controllers.TrackController
Action : orders
Action Parameters : {"messageFormat":"JSON","messageArguments":[{"userId":1,"currentPage":20,"limit":5}]}

17.03.06.652|JSON
Method: GET
URL: http://localhost/users/api/track/orders/1?currentPage=15&limit=5
Controller : users.Controllers.TrackController
Action : orders
Action Parameters : {"messageFormat":"JSON","messageArguments":[{"userId":1,"currentPage":15,"limit":5}]}

17.03.06.891|JSON
Method: GET
URL: http://localhost/users/api/track/orders/1?currentPage=10&limit=5
Controller : users.Controllers.TrackController
Action : orders
Action Parameters : {"messageFormat":"JSON","messageArguments":[{"userId":1,"currentPage":10,"limit":5}]}

17.03.07.074|JSON
Method: GET
URL: http://localhost/users/api/track/orders/1?currentPage=5&limit=5
Controller : users.Controllers.TrackController
Action : orders
Action Parameters : {"messageFormat":"JSON","messageArguments":[{"userId":1,"currentPage":5,"limit":5}]}

17.03.07.256|JSON
Method: GET
URL: http://localhost/users/api/track/orders/1?currentPage=0&limit=5
Controller : users.Controllers.TrackController
Action : orders
Action Parameters : {"messageFormat":"JSON","messageArguments":[{"userId":1,"currentPage":0,"limit":5}]}

17.03.08.369|JSON
Method: GET
URL: http://localhost/users/api/track/orders/1?currentPage=5&limit=5
Controller : users.Controllers.TrackController
Action : orders
Action Parameters : {"messageFormat":"JSON","messageArguments":[{"userId":1,"currentPage":5,"limit":5}]}

17.03.08.706|JSON
Method: GET
URL: http://localhost/users/api/track/orders/1?currentPage=10&limit=5
Controller : users.Controllers.TrackController
Action : orders
Action Parameters : {"messageFormat":"JSON","messageArguments":[{"userId":1,"currentPage":10,"limit":5}]}

17.03.08.875|JSON
Method: GET
URL: http://localhost/users/api/track/orders/1?currentPage=15&limit=5
Controller : users.Controllers.TrackController
Action : orders
Action Parameters : {"messageFormat":"JSON","messageArguments":[{"userId":1,"currentPage":15,"limit":5}]}

17.03.09.021|JSON
Method: GET
URL: http://localhost/users/api/track/orders/1?currentPage=20&limit=5
Controller : users.Controllers.TrackController
Action : orders
Action Parameters : {"messageFormat":"JSON","messageArguments":[{"userId":1,"currentPage":20,"limit":5}]}

17.03.11.063|JSON
Method: GET
URL: http://localhost/users/api/OrderInfo/1/1
Controller : users.Controllers.OrderInfoController
Action : orderInfo
Action Parameters : {"messageFormat":"JSON","messageArguments":[{"userId":1,"orderId":1}]}

17.03.13.561|JSON
Method: GET
URL: http://localhost/users/api/home/deals/7
Controller : users.Controllers.HomeController
Action : GetDeals
Action Parameters : {"messageFormat":"JSON","messageArguments":[{"locationId":7}]}

17.19.58.192|JSON
Method: GET
URL: http://localhost/users/api/home/guestid
Controller : users.Controllers.HomeController
Action : guestid
Action Parameters : {"messageFormat":"JSON","messageArguments":[{}]}

17.19.58.558|JSON
Method: GET
URL: http://localhost/users/api/home/deals/7
Controller : users.Controllers.HomeController
Action : GetDeals
Action Parameters : {"messageFormat":"JSON","messageArguments":[{"locationId":7}]}

17.20.06.758|JSON
Method: GET
URL: http://localhost/users/api/home/deals/7
Controller : users.Controllers.HomeController
Action : GetDeals
Action Parameters : {"messageFormat":"JSON","messageArguments":[{"locationId":7}]}

17.20.37.079|JSON
Method: POST
URL: http://localhost/users/api/signin/login/1231150519
Controller : users.Controllers.SigninController
Action : login
Action Parameters : {"messageFormat":"JSON","messageArguments":[{"log":{"userName":"admin","password":"test"},"guest_id":1231150519}]}

17.20.37.123|JSON
Method: GET
URL: http://localhost/users/api/home/deals/7
Controller : users.Controllers.HomeController
Action : GetDeals
Action Parameters : {"messageFormat":"JSON","messageArguments":[{"locationId":7}]}

17.20.42.045|JSON
Method: GET
URL: http://localhost/users/api/cart/1/false
Controller : users.Controllers.CartController
Action : getitems
Action Parameters : {"messageFormat":"JSON","messageArguments":[{"userId":1,"isGuest":false}]}

17.20.43.337|JSON
Method: GET
URL: http://localhost/users/api/track/orders/1?currentPage=0&limit=5
Controller : users.Controllers.TrackController
Action : orders
Action Parameters : {"messageFormat":"JSON","messageArguments":[{"userId":1,"currentPage":0,"limit":5}]}

17.20.44.655|JSON
Method: GET
URL: http://localhost/users/api/home/deals/7
Controller : users.Controllers.HomeController
Action : GetDeals
Action Parameters : {"messageFormat":"JSON","messageArguments":[{"locationId":7}]}

17.20.47.646|JSON
Method: GET
URL: http://localhost/users/api/dealinfo/17/1/false
Controller : users.Controllers.DealInfoController
Action : Info
Action Parameters : {"messageFormat":"JSON","messageArguments":[{"id":17,"userId":1,"isGuest":false}]}

17.20.47.646|JSON
Method: GET
URL: http://localhost/users/api/history/1/17
Controller : users.Controllers.HistoryController
Action : history
Action Parameters : {"messageFormat":"JSON","messageArguments":[{"userId":1,"dealId":17}]}

17.20.47.646|JSON
Method: GET
URL: http://localhost/users/api/review/17?skip=0&limit=5
Controller : users.Controllers.ReviewController
Action : reivews
Action Parameters : {"messageFormat":"JSON","messageArguments":[{"dealId":17,"skip":0,"limit":5}]}

17.20.53.688|JSON
Method: GET
URL: http://localhost/users/api/home/deals/7
Controller : users.Controllers.HomeController
Action : GetDeals
Action Parameters : {"messageFormat":"JSON","messageArguments":[{"locationId":7}]}

17.20.56.222|JSON
Method: GET
URL: http://localhost/users/api/cart/1/false
Controller : users.Controllers.CartController
Action : getitems
Action Parameters : {"messageFormat":"JSON","messageArguments":[{"userId":1,"isGuest":false}]}

17.20.57.011|JSON
Method: GET
URL: http://localhost/users/api/track/orders/1?currentPage=0&limit=5
Controller : users.Controllers.TrackController
Action : orders
Action Parameters : {"messageFormat":"JSON","messageArguments":[{"userId":1,"currentPage":0,"limit":5}]}

17.20.58.494|JSON
Method: GET
URL: http://localhost/users/api/address/1
Controller : users.Controllers.AddressController
Action : address
Action Parameters : {"messageFormat":"JSON","messageArguments":[{"userId":1}]}

17.20.59.404|JSON
Method: GET
URL: http://localhost/users/api/track/orders/1?currentPage=0&limit=5
Controller : users.Controllers.TrackController
Action : orders
Action Parameters : {"messageFormat":"JSON","messageArguments":[{"userId":1,"currentPage":0,"limit":5}]}

17.21.00.720|JSON
Method: GET
URL: http://localhost/users/api/cart/1/false
Controller : users.Controllers.CartController
Action : getitems
Action Parameters : {"messageFormat":"JSON","messageArguments":[{"userId":1,"isGuest":false}]}

17.21.01.659|JSON
Method: GET
URL: http://localhost/users/api/home/deals/7
Controller : users.Controllers.HomeController
Action : GetDeals
Action Parameters : {"messageFormat":"JSON","messageArguments":[{"locationId":7}]}

17.21.02.576|JSON
Method: GET
URL: http://localhost/users/api/cart/1/false
Controller : users.Controllers.CartController
Action : getitems
Action Parameters : {"messageFormat":"JSON","messageArguments":[{"userId":1,"isGuest":false}]}

17.21.03.040|JSON
Method: GET
URL: http://localhost/users/api/track/orders/1?currentPage=0&limit=5
Controller : users.Controllers.TrackController
Action : orders
Action Parameters : {"messageFormat":"JSON","messageArguments":[{"userId":1,"currentPage":0,"limit":5}]}

17.21.03.560|JSON
Method: GET
URL: http://localhost/users/api/address/1
Controller : users.Controllers.AddressController
Action : address
Action Parameters : {"messageFormat":"JSON","messageArguments":[{"userId":1}]}

17.21.04.653|JSON
Method: GET
URL: http://localhost/users/api/home/guestid
Controller : users.Controllers.HomeController
Action : guestid
Action Parameters : {"messageFormat":"JSON","messageArguments":[{}]}

17.21.04.737|JSON
Method: GET
URL: http://localhost/users/api/home/deals/7
Controller : users.Controllers.HomeController
Action : GetDeals
Action Parameters : {"messageFormat":"JSON","messageArguments":[{"locationId":7}]}

17.21.04.782|JSON
Method: GET
URL: http://localhost/users/api/address/undefined
Controller : users.Controllers.AddressController
Action : address
Action Parameters : {"messageFormat":"JSON","messageArguments":[{"userId":null}]}

17.21.26.281|JSON
Method: POST
URL: http://localhost/users/api/signin/login/1231150521
Controller : users.Controllers.SigninController
Action : login
Action Parameters : {"messageFormat":"JSON","messageArguments":[{"log":{"userName":"admin","password":"test"},"guest_id":1231150521}]}

17.21.26.357|JSON
Method: GET
URL: http://localhost/users/api/home/deals/7
Controller : users.Controllers.HomeController
Action : GetDeals
Action Parameters : {"messageFormat":"JSON","messageArguments":[{"locationId":7}]}

17.21.30.732|JSON
Method: GET
URL: http://localhost/users/api/cart/1/false
Controller : users.Controllers.CartController
Action : getitems
Action Parameters : {"messageFormat":"JSON","messageArguments":[{"userId":1,"isGuest":false}]}

17.21.31.780|JSON
Method: GET
URL: http://localhost/users/api/track/orders/1?currentPage=0&limit=5
Controller : users.Controllers.TrackController
Action : orders
Action Parameters : {"messageFormat":"JSON","messageArguments":[{"userId":1,"currentPage":0,"limit":5}]}

17.21.33.072|JSON
Method: GET
URL: http://localhost/users/api/cart/1/false
Controller : users.Controllers.CartController
Action : getitems
Action Parameters : {"messageFormat":"JSON","messageArguments":[{"userId":1,"isGuest":false}]}

17.34.12.580|JSON
Method: GET
URL: http://localhost/users/api/home/guestid
Controller : users.Controllers.HomeController
Action : guestid
Action Parameters : {"messageFormat":"JSON","messageArguments":[{}]}

17.34.12.580|JSON
Method: GET
URL: http://localhost/users/api/home/deals/7
Controller : users.Controllers.HomeController
Action : GetDeals
Action Parameters : {"messageFormat":"JSON","messageArguments":[{"locationId":7}]}

17.34.17.240|JSON
Method: GET
URL: http://localhost/users/api/home/deals/7
Controller : users.Controllers.HomeController
Action : GetDeals
Action Parameters : {"messageFormat":"JSON","messageArguments":[{"locationId":7}]}

