14.42.39.403|JSON
Method: GET
URL: http://localhost/users/api/home/deals/7
Controller : users.Controllers.HomeController
Action : GetDeals
Action Parameters : {"messageFormat":"JSON","messageArguments":[{"locationId":7}]}

14.43.03.233|JSON
Method: GET
URL: http://localhost/users/api/home/deals/7
Controller : users.Controllers.HomeController
Action : GetDeals
Action Parameters : {"messageFormat":"JSON","messageArguments":[{"locationId":7}]}

14.44.38.696|JSON
Method: GET
URL: http://localhost/users/api/home/deals/7
Controller : users.Controllers.HomeController
Action : GetDeals
Action Parameters : {"messageFormat":"JSON","messageArguments":[{"locationId":7}]}

14.46.01.638|JSON
Method: GET
URL: http://localhost/users/api/home/deals/7
Controller : users.Controllers.HomeController
Action : GetDeals
Action Parameters : {"messageFormat":"JSON","messageArguments":[{"locationId":7}]}

14.46.32.082|JSON
Method: GET
URL: http://localhost/users/api/home/deals/7
Controller : users.Controllers.HomeController
Action : GetDeals
Action Parameters : {"messageFormat":"JSON","messageArguments":[{"locationId":7}]}

14.50.04.840|JSON
Method: GET
URL: http://localhost/users/api/home/deals/7
Controller : users.Controllers.HomeController
Action : GetDeals
Action Parameters : {"messageFormat":"JSON","messageArguments":[{"locationId":7}]}

14.50.23.829|JSON
Method: GET
URL: http://localhost/users/api/home/deals/7
Controller : users.Controllers.HomeController
Action : GetDeals
Action Parameters : {"messageFormat":"JSON","messageArguments":[{"locationId":7}]}

14.51.13.882|JSON
Method: GET
URL: http://localhost/users/api/home/deals/7
Controller : users.Controllers.HomeController
Action : GetDeals
Action Parameters : {"messageFormat":"JSON","messageArguments":[{"locationId":7}]}

14.51.16.416|JSON
Method: GET
URL: http://localhost/users/api/home/deals/7
Controller : users.Controllers.HomeController
Action : GetDeals
Action Parameters : {"messageFormat":"JSON","messageArguments":[{"locationId":7}]}

14.51.16.726|JSON
Method: GET
URL: http://localhost/users/api/home/deals/7
Controller : users.Controllers.HomeController
Action : GetDeals
Action Parameters : {"messageFormat":"JSON","messageArguments":[{"locationId":7}]}

14.51.17.029|JSON
Method: GET
URL: http://localhost/users/api/home/deals/7
Controller : users.Controllers.HomeController
Action : GetDeals
Action Parameters : {"messageFormat":"JSON","messageArguments":[{"locationId":7}]}

14.51.17.131|JSON
Method: GET
URL: http://localhost/users/api/home/deals/7
Controller : users.Controllers.HomeController
Action : GetDeals
Action Parameters : {"messageFormat":"JSON","messageArguments":[{"locationId":7}]}

14.51.18.900|JSON
Method: GET
URL: http://localhost/users/api/home/deals/7
Controller : users.Controllers.HomeController
Action : GetDeals
Action Parameters : {"messageFormat":"JSON","messageArguments":[{"locationId":7}]}

14.51.19.163|JSON
Method: GET
URL: http://localhost/users/api/home/deals/7
Controller : users.Controllers.HomeController
Action : GetDeals
Action Parameters : {"messageFormat":"JSON","messageArguments":[{"locationId":7}]}

14.51.41.500|JSON
Method: GET
URL: http://localhost/users/api/home/deals/7
Controller : users.Controllers.HomeController
Action : GetDeals
Action Parameters : {"messageFormat":"JSON","messageArguments":[{"locationId":7}]}

14.52.07.052|JSON
Method: GET
URL: http://localhost/users/api/home/deals/7
Controller : users.Controllers.HomeController
Action : GetDeals
Action Parameters : {"messageFormat":"JSON","messageArguments":[{"locationId":7}]}

14.52.37.477|JSON
Method: GET
URL: http://localhost/users/api/home/deals/7
Controller : users.Controllers.HomeController
Action : GetDeals
Action Parameters : {"messageFormat":"JSON","messageArguments":[{"locationId":7}]}

14.52.48.922|JSON
Method: GET
URL: http://192.168.0.224/users/api/home/deals/7
Controller : users.Controllers.HomeController
Action : GetDeals
Action Parameters : {"messageFormat":"JSON","messageArguments":[{"locationId":7}]}

14.52.49.207|JSON
Method: GET
URL: http://192.168.0.224/users/api/home/guestid
Controller : users.Controllers.HomeController
Action : guestid
Action Parameters : {"messageFormat":"JSON","messageArguments":[{}]}

14.53.26.706|JSON
Method: GET
URL: http://localhost/users/api/home/deals/7
Controller : users.Controllers.HomeController
Action : GetDeals
Action Parameters : {"messageFormat":"JSON","messageArguments":[{"locationId":7}]}

14.53.32.603|JSON
Method: GET
URL: http://localhost/users/api/home/deals/7
Controller : users.Controllers.HomeController
Action : GetDeals
Action Parameters : {"messageFormat":"JSON","messageArguments":[{"locationId":7}]}

14.54.02.016|JSON
Method: GET
URL: http://localhost/users/api/home/deals/7
Controller : users.Controllers.HomeController
Action : GetDeals
Action Parameters : {"messageFormat":"JSON","messageArguments":[{"locationId":7}]}

14.54.28.201|JSON
Method: GET
URL: http://localhost/users/api/home/deals/7
Controller : users.Controllers.HomeController
Action : GetDeals
Action Parameters : {"messageFormat":"JSON","messageArguments":[{"locationId":7}]}

14.54.28.378|JSON
Method: GET
URL: http://192.168.0.224/users/api/home/deals/7
Controller : users.Controllers.HomeController
Action : GetDeals
Action Parameters : {"messageFormat":"JSON","messageArguments":[{"locationId":7}]}

14.55.09.354|JSON
Method: GET
URL: http://192.168.0.224/users/api/home/deals/7
Controller : users.Controllers.HomeController
Action : GetDeals
Action Parameters : {"messageFormat":"JSON","messageArguments":[{"locationId":7}]}

14.55.11.307|JSON
Method: GET
URL: http://localhost/users/api/home/deals/7
Controller : users.Controllers.HomeController
Action : GetDeals
Action Parameters : {"messageFormat":"JSON","messageArguments":[{"locationId":7}]}

14.56.04.530|JSON
Method: GET
URL: http://localhost/users/api/home/deals/7
Controller : users.Controllers.HomeController
Action : GetDeals
Action Parameters : {"messageFormat":"JSON","messageArguments":[{"locationId":7}]}

14.56.47.187|JSON
Method: GET
URL: http://localhost/users/api/home/deals/7
Controller : users.Controllers.HomeController
Action : GetDeals
Action Parameters : {"messageFormat":"JSON","messageArguments":[{"locationId":7}]}

14.56.50.169|JSON
Method: GET
URL: http://localhost/users/api/home/deals/7
Controller : users.Controllers.HomeController
Action : GetDeals
Action Parameters : {"messageFormat":"JSON","messageArguments":[{"locationId":7}]}

14.56.51.036|JSON
Method: GET
URL: http://localhost/users/api/home/deals/7
Controller : users.Controllers.HomeController
Action : GetDeals
Action Parameters : {"messageFormat":"JSON","messageArguments":[{"locationId":7}]}

14.57.05.938|JSON
Method: GET
URL: http://192.168.0.224/users/api/home/deals/7
Controller : users.Controllers.HomeController
Action : GetDeals
Action Parameters : {"messageFormat":"JSON","messageArguments":[{"locationId":7}]}

15.09.29.223|JSON
Method: GET
URL: http://localhost/users/api/home/deals/7
Controller : users.Controllers.HomeController
Action : GetDeals
Action Parameters : {"messageFormat":"JSON","messageArguments":[{"locationId":7}]}

15.10.03.876|JSON
Method: GET
URL: http://localhost/users/api/home/deals/7
Controller : users.Controllers.HomeController
Action : GetDeals
Action Parameters : {"messageFormat":"JSON","messageArguments":[{"locationId":7}]}

15.11.05.079|JSON
Method: GET
URL: http://192.168.0.224/users/api/home/deals/7
Controller : users.Controllers.HomeController
Action : GetDeals
Action Parameters : {"messageFormat":"JSON","messageArguments":[{"locationId":7}]}

15.11.06.562|JSON
Method: GET
URL: http://localhost/users/api/home/deals/7
Controller : users.Controllers.HomeController
Action : GetDeals
Action Parameters : {"messageFormat":"JSON","messageArguments":[{"locationId":7}]}

15.11.28.456|JSON
Method: GET
URL: http://localhost/users/api/home/deals/7
Controller : users.Controllers.HomeController
Action : GetDeals
Action Parameters : {"messageFormat":"JSON","messageArguments":[{"locationId":7}]}

15.11.36.647|JSON
Method: GET
URL: http://localhost/users/api/home/deals/7
Controller : users.Controllers.HomeController
Action : GetDeals
Action Parameters : {"messageFormat":"JSON","messageArguments":[{"locationId":7}]}

15.13.57.426|JSON
Method: GET
URL: http://localhost/users/api/home/deals/7
Controller : users.Controllers.HomeController
Action : GetDeals
Action Parameters : {"messageFormat":"JSON","messageArguments":[{"locationId":7}]}

15.14.09.567|JSON
Method: GET
URL: http://localhost/users/api/home/deals/7
Controller : users.Controllers.HomeController
Action : GetDeals
Action Parameters : {"messageFormat":"JSON","messageArguments":[{"locationId":7}]}

